ARM GAS  C:\Users\Kevin\AppData\Local\Temp\cckoWjUT.s 			page 1


   1              		.cpu cortex-m4
   2              		.arch armv7e-m
   3              		.fpu fpv4-sp-d16
   4              		.eabi_attribute 27, 1
   5              		.eabi_attribute 28, 1
   6              		.eabi_attribute 20, 1
   7              		.eabi_attribute 21, 1
   8              		.eabi_attribute 23, 3
   9              		.eabi_attribute 24, 1
  10              		.eabi_attribute 25, 1
  11              		.eabi_attribute 26, 1
  12              		.eabi_attribute 30, 1
  13              		.eabi_attribute 34, 1
  14              		.eabi_attribute 18, 4
  15              		.file	"LCD16x2.c"
  16              		.text
  17              	.Ltext0:
  18              		.cfi_sections	.debug_frame
  19              		.file 1 "Core/Src/LCD16x2.c"
  20              		.section	.text.DWT_Delay_us,"ax",%progbits
  21              		.align	1
  22              		.syntax unified
  23              		.thumb
  24              		.thumb_func
  26              	DWT_Delay_us:
  27              	.LVL0:
  28              	.LFB950:
  29              		.file 2 "Core/Inc/DWT_Delay.h"
   1:Core/Inc/DWT_Delay.h **** /*
   2:Core/Inc/DWT_Delay.h ****  * File: DWT_Delay.h
   3:Core/Inc/DWT_Delay.h ****  * Driver Name: [[ DWT Delay ]]
   4:Core/Inc/DWT_Delay.h ****  * SW Layer:   ECUAL
   5:Core/Inc/DWT_Delay.h ****  * Created on: Jun 28, 2020
   6:Core/Inc/DWT_Delay.h ****  * Author:     Khaled Magdy
   7:Core/Inc/DWT_Delay.h ****  * -------------------------------------------
   8:Core/Inc/DWT_Delay.h ****  * For More Information, Tutorials, etc.
   9:Core/Inc/DWT_Delay.h ****  * Visit Website: www.DeepBlueMbedded.com
  10:Core/Inc/DWT_Delay.h ****  *
  11:Core/Inc/DWT_Delay.h ****  */
  12:Core/Inc/DWT_Delay.h **** 
  13:Core/Inc/DWT_Delay.h **** #ifndef DWT_DELAY_H_
  14:Core/Inc/DWT_Delay.h **** #define DWT_DELAY_H_
  15:Core/Inc/DWT_Delay.h **** 
  16:Core/Inc/DWT_Delay.h **** #include "stm32wbxx_hal.h"
  17:Core/Inc/DWT_Delay.h **** 
  18:Core/Inc/DWT_Delay.h **** 
  19:Core/Inc/DWT_Delay.h **** uint32_t DWT_Delay_Init(void);
  20:Core/Inc/DWT_Delay.h **** 
  21:Core/Inc/DWT_Delay.h **** 
  22:Core/Inc/DWT_Delay.h **** // This Function Provides Delay In Microseconds Using DWT
  23:Core/Inc/DWT_Delay.h **** __STATIC_INLINE void DWT_Delay_us(volatile uint32_t au32_microseconds)
  24:Core/Inc/DWT_Delay.h **** {
  30              		.loc 2 24 1 view -0
  31              		.cfi_startproc
  32              		@ args = 0, pretend = 0, frame = 8
  33              		@ frame_needed = 0, uses_anonymous_args = 0
  34              		.loc 2 24 1 is_stmt 0 view .LVU1
ARM GAS  C:\Users\Kevin\AppData\Local\Temp\cckoWjUT.s 			page 2


  35 0000 10B5     		push	{r4, lr}
  36              		.cfi_def_cfa_offset 8
  37              		.cfi_offset 4, -8
  38              		.cfi_offset 14, -4
  39 0002 82B0     		sub	sp, sp, #8
  40              		.cfi_def_cfa_offset 16
  41 0004 0190     		str	r0, [sp, #4]
  25:Core/Inc/DWT_Delay.h ****   uint32_t au32_initial_ticks = DWT->CYCCNT;
  42              		.loc 2 25 3 is_stmt 1 view .LVU2
  43              		.loc 2 25 12 is_stmt 0 view .LVU3
  44 0006 0A4B     		ldr	r3, .L4
  45 0008 5C68     		ldr	r4, [r3, #4]
  46              	.LVL1:
  26:Core/Inc/DWT_Delay.h ****   uint32_t au32_ticks = (HAL_RCC_GetHCLKFreq() / 1000000);
  47              		.loc 2 26 3 is_stmt 1 view .LVU4
  48              		.loc 2 26 26 is_stmt 0 view .LVU5
  49 000a FFF7FEFF 		bl	HAL_RCC_GetHCLKFreq
  50              	.LVL2:
  51              		.loc 2 26 12 view .LVU6
  52 000e 094B     		ldr	r3, .L4+4
  53 0010 A3FB0031 		umull	r3, r1, r3, r0
  54 0014 890C     		lsrs	r1, r1, #18
  55              	.LVL3:
  27:Core/Inc/DWT_Delay.h ****   au32_microseconds *= au32_ticks;
  56              		.loc 2 27 3 is_stmt 1 view .LVU7
  57              		.loc 2 27 21 is_stmt 0 view .LVU8
  58 0016 019B     		ldr	r3, [sp, #4]
  59 0018 01FB03F3 		mul	r3, r1, r3
  60 001c 0193     		str	r3, [sp, #4]
  61              	.LVL4:
  28:Core/Inc/DWT_Delay.h ****   while ((DWT->CYCCNT - au32_initial_ticks) < au32_microseconds-au32_ticks);
  62              		.loc 2 28 3 is_stmt 1 view .LVU9
  63              	.L2:
  64              		.loc 2 28 45 discriminator 1 view .LVU10
  65              		.loc 2 28 14 is_stmt 0 discriminator 1 view .LVU11
  66 001e 044B     		ldr	r3, .L4
  67 0020 5A68     		ldr	r2, [r3, #4]
  68              		.loc 2 28 23 discriminator 1 view .LVU12
  69 0022 121B     		subs	r2, r2, r4
  70              		.loc 2 28 64 discriminator 1 view .LVU13
  71 0024 019B     		ldr	r3, [sp, #4]
  72 0026 5B1A     		subs	r3, r3, r1
  73              		.loc 2 28 45 discriminator 1 view .LVU14
  74 0028 9A42     		cmp	r2, r3
  75 002a F8D3     		bcc	.L2
  29:Core/Inc/DWT_Delay.h **** }
  76              		.loc 2 29 1 view .LVU15
  77 002c 02B0     		add	sp, sp, #8
  78              		.cfi_def_cfa_offset 8
  79              		@ sp needed
  80 002e 10BD     		pop	{r4, pc}
  81              	.LVL5:
  82              	.L5:
  83              		.loc 2 29 1 view .LVU16
  84              		.align	2
  85              	.L4:
  86 0030 001000E0 		.word	-536866816
ARM GAS  C:\Users\Kevin\AppData\Local\Temp\cckoWjUT.s 			page 3


  87 0034 83DE1B43 		.word	1125899907
  88              		.cfi_endproc
  89              	.LFE950:
  91              		.section	.text.DWT_Delay_ms,"ax",%progbits
  92              		.align	1
  93              		.syntax unified
  94              		.thumb
  95              		.thumb_func
  97              	DWT_Delay_ms:
  98              	.LVL6:
  99              	.LFB951:
  30:Core/Inc/DWT_Delay.h **** 
  31:Core/Inc/DWT_Delay.h **** // This Function Provides Delay In Milliseconds Using DWT
  32:Core/Inc/DWT_Delay.h **** __STATIC_INLINE void DWT_Delay_ms(volatile uint32_t au32_milliseconds)
  33:Core/Inc/DWT_Delay.h **** {
 100              		.loc 2 33 1 is_stmt 1 view -0
 101              		.cfi_startproc
 102              		@ args = 0, pretend = 0, frame = 8
 103              		@ frame_needed = 0, uses_anonymous_args = 0
 104              		.loc 2 33 1 is_stmt 0 view .LVU18
 105 0000 10B5     		push	{r4, lr}
 106              		.cfi_def_cfa_offset 8
 107              		.cfi_offset 4, -8
 108              		.cfi_offset 14, -4
 109 0002 82B0     		sub	sp, sp, #8
 110              		.cfi_def_cfa_offset 16
 111 0004 0190     		str	r0, [sp, #4]
  34:Core/Inc/DWT_Delay.h ****   uint32_t au32_initial_ticks = DWT->CYCCNT;
 112              		.loc 2 34 3 is_stmt 1 view .LVU19
 113              		.loc 2 34 12 is_stmt 0 view .LVU20
 114 0006 0A4B     		ldr	r3, .L9
 115 0008 5C68     		ldr	r4, [r3, #4]
 116              	.LVL7:
  35:Core/Inc/DWT_Delay.h ****   uint32_t au32_ticks = (HAL_RCC_GetHCLKFreq() / 1000);
 117              		.loc 2 35 3 is_stmt 1 view .LVU21
 118              		.loc 2 35 26 is_stmt 0 view .LVU22
 119 000a FFF7FEFF 		bl	HAL_RCC_GetHCLKFreq
 120              	.LVL8:
 121              		.loc 2 35 12 view .LVU23
 122 000e 094B     		ldr	r3, .L9+4
 123 0010 A3FB0023 		umull	r2, r3, r3, r0
 124 0014 9B09     		lsrs	r3, r3, #6
 125              	.LVL9:
  36:Core/Inc/DWT_Delay.h ****   au32_milliseconds *= au32_ticks;
 126              		.loc 2 36 3 is_stmt 1 view .LVU24
 127              		.loc 2 36 21 is_stmt 0 view .LVU25
 128 0016 019A     		ldr	r2, [sp, #4]
 129 0018 02FB03F3 		mul	r3, r2, r3
 130              	.LVL10:
 131              		.loc 2 36 21 view .LVU26
 132 001c 0193     		str	r3, [sp, #4]
 133              	.LVL11:
  37:Core/Inc/DWT_Delay.h ****   while ((DWT->CYCCNT - au32_initial_ticks) < au32_milliseconds);
 134              		.loc 2 37 3 is_stmt 1 view .LVU27
 135              	.L7:
 136              		.loc 2 37 45 discriminator 1 view .LVU28
 137              		.loc 2 37 14 is_stmt 0 discriminator 1 view .LVU29
ARM GAS  C:\Users\Kevin\AppData\Local\Temp\cckoWjUT.s 			page 4


 138 001e 044B     		ldr	r3, .L9
 139 0020 5B68     		ldr	r3, [r3, #4]
 140              		.loc 2 37 23 discriminator 1 view .LVU30
 141 0022 1B1B     		subs	r3, r3, r4
 142              		.loc 2 37 45 discriminator 1 view .LVU31
 143 0024 019A     		ldr	r2, [sp, #4]
 144 0026 9342     		cmp	r3, r2
 145 0028 F9D3     		bcc	.L7
  38:Core/Inc/DWT_Delay.h **** }
 146              		.loc 2 38 1 view .LVU32
 147 002a 02B0     		add	sp, sp, #8
 148              		.cfi_def_cfa_offset 8
 149              		@ sp needed
 150 002c 10BD     		pop	{r4, pc}
 151              	.LVL12:
 152              	.L10:
 153              		.loc 2 38 1 view .LVU33
 154 002e 00BF     		.align	2
 155              	.L9:
 156 0030 001000E0 		.word	-536866816
 157 0034 D34D6210 		.word	274877907
 158              		.cfi_endproc
 159              	.LFE951:
 161              		.section	.text.LCD_DATA,"ax",%progbits
 162              		.align	1
 163              		.global	LCD_DATA
 164              		.syntax unified
 165              		.thumb
 166              		.thumb_func
 168              	LCD_DATA:
 169              	.LVL13:
 170              	.LFB952:
   1:Core/Src/LCD16x2.c **** /*
   2:Core/Src/LCD16x2.c ****  * File: LCD16x2.c
   3:Core/Src/LCD16x2.c ****  * Driver Name: [[ LCD16x2 Display (GPIO 4-Bit Mode) ]]
   4:Core/Src/LCD16x2.c ****  * SW Layer:   ECUAL
   5:Core/Src/LCD16x2.c ****  * Created on: Jun 28, 2020
   6:Core/Src/LCD16x2.c ****  * Author:     Khaled Magdy
   7:Core/Src/LCD16x2.c ****  * -------------------------------------------
   8:Core/Src/LCD16x2.c ****  * For More Information, Tutorials, etc.
   9:Core/Src/LCD16x2.c ****  * Visit Website: www.DeepBlueMbedded.com
  10:Core/Src/LCD16x2.c ****  *
  11:Core/Src/LCD16x2.c ****  */
  12:Core/Src/LCD16x2.c **** 
  13:Core/Src/LCD16x2.c **** #include "LCD16x2.h"
  14:Core/Src/LCD16x2.c **** #include "DWT_Delay.h"
  15:Core/Src/LCD16x2.c **** #include "main.h"
  16:Core/Src/LCD16x2.c **** #include "gpio.h"
  17:Core/Src/LCD16x2.c **** 
  18:Core/Src/LCD16x2.c **** 
  19:Core/Src/LCD16x2.c **** //-----[ Alphanumeric LCD 16x2 Routines ]-----
  20:Core/Src/LCD16x2.c **** 
  21:Core/Src/LCD16x2.c **** void LCD_DATA(unsigned char data)
  22:Core/Src/LCD16x2.c **** {
 171              		.loc 1 22 1 is_stmt 1 view -0
 172              		.cfi_startproc
 173              		@ args = 0, pretend = 0, frame = 0
ARM GAS  C:\Users\Kevin\AppData\Local\Temp\cckoWjUT.s 			page 5


 174              		@ frame_needed = 0, uses_anonymous_args = 0
 175              		.loc 1 22 1 is_stmt 0 view .LVU35
 176 0000 38B5     		push	{r3, r4, r5, lr}
 177              		.cfi_def_cfa_offset 16
 178              		.cfi_offset 3, -16
 179              		.cfi_offset 4, -12
 180              		.cfi_offset 5, -8
 181              		.cfi_offset 14, -4
 182 0002 0446     		mov	r4, r0
  23:Core/Src/LCD16x2.c ****     HAL_GPIO_WritePin(D7_GPIO_Port, D7_Pin, ((data>>3)&0x01)); // LCD Pin D7
 183              		.loc 1 23 5 is_stmt 1 view .LVU36
 184 0004 C0F3C002 		ubfx	r2, r0, #3, #1
 185 0008 4FF40041 		mov	r1, #32768
 186 000c 4FF09040 		mov	r0, #1207959552
 187              	.LVL14:
 188              		.loc 1 23 5 is_stmt 0 view .LVU37
 189 0010 FFF7FEFF 		bl	HAL_GPIO_WritePin
 190              	.LVL15:
  24:Core/Src/LCD16x2.c ****     HAL_GPIO_WritePin(D6_GPIO_Port, D6_Pin, ((data>>2)&0x01)); // LCD Pin D6
 191              		.loc 1 24 5 is_stmt 1 view .LVU38
 192 0014 0B4D     		ldr	r5, .L13
 193 0016 C4F38002 		ubfx	r2, r4, #2, #1
 194 001a 4FF48061 		mov	r1, #1024
 195 001e 2846     		mov	r0, r5
 196 0020 FFF7FEFF 		bl	HAL_GPIO_WritePin
 197              	.LVL16:
  25:Core/Src/LCD16x2.c ****     HAL_GPIO_WritePin(D5_GPIO_Port, D5_Pin, ((data>>1)&0x01)); // LCD Pin D5
 198              		.loc 1 25 5 view .LVU39
 199 0024 C4F34002 		ubfx	r2, r4, #1, #1
 200 0028 4FF48061 		mov	r1, #1024
 201 002c 4FF09040 		mov	r0, #1207959552
 202 0030 FFF7FEFF 		bl	HAL_GPIO_WritePin
 203              	.LVL17:
  26:Core/Src/LCD16x2.c ****     HAL_GPIO_WritePin(D4_GPIO_Port, D4_Pin, ((data>>0)&0x01)); // LCD Pin D4
 204              		.loc 1 26 5 view .LVU40
 205 0034 04F00102 		and	r2, r4, #1
 206 0038 4021     		movs	r1, #64
 207 003a 2846     		mov	r0, r5
 208 003c FFF7FEFF 		bl	HAL_GPIO_WritePin
 209              	.LVL18:
  27:Core/Src/LCD16x2.c **** }
 210              		.loc 1 27 1 is_stmt 0 view .LVU41
 211 0040 38BD     		pop	{r3, r4, r5, pc}
 212              	.L14:
 213 0042 00BF     		.align	2
 214              	.L13:
 215 0044 00080048 		.word	1207961600
 216              		.cfi_endproc
 217              	.LFE952:
 219              		.section	.text.LCD_CMD,"ax",%progbits
 220              		.align	1
 221              		.global	LCD_CMD
 222              		.syntax unified
 223              		.thumb
 224              		.thumb_func
 226              	LCD_CMD:
 227              	.LVL19:
ARM GAS  C:\Users\Kevin\AppData\Local\Temp\cckoWjUT.s 			page 6


 228              	.LFB953:
  28:Core/Src/LCD16x2.c **** void LCD_CMD(unsigned char a_CMD)
  29:Core/Src/LCD16x2.c **** {
 229              		.loc 1 29 1 is_stmt 1 view -0
 230              		.cfi_startproc
 231              		@ args = 0, pretend = 0, frame = 0
 232              		@ frame_needed = 0, uses_anonymous_args = 0
 233              		.loc 1 29 1 is_stmt 0 view .LVU43
 234 0000 10B5     		push	{r4, lr}
 235              		.cfi_def_cfa_offset 8
 236              		.cfi_offset 4, -8
 237              		.cfi_offset 14, -4
 238 0002 0446     		mov	r4, r0
  30:Core/Src/LCD16x2.c ****     // Select Command Register
  31:Core/Src/LCD16x2.c ****     HAL_GPIO_WritePin(LCD_RS_GPIO_Port, LCD_RS_Pin, GPIO_PIN_RESET); // LCD Register Select
 239              		.loc 1 31 5 is_stmt 1 view .LVU44
 240 0004 0022     		movs	r2, #0
 241 0006 0821     		movs	r1, #8
 242 0008 4FF09040 		mov	r0, #1207959552
 243              	.LVL20:
 244              		.loc 1 31 5 is_stmt 0 view .LVU45
 245 000c FFF7FEFF 		bl	HAL_GPIO_WritePin
 246              	.LVL21:
  32:Core/Src/LCD16x2.c ****     // Move The Command Data To LCD
  33:Core/Src/LCD16x2.c ****     LCD_DATA(a_CMD);
 247              		.loc 1 33 5 is_stmt 1 view .LVU46
 248 0010 2046     		mov	r0, r4
 249 0012 FFF7FEFF 		bl	LCD_DATA
 250              	.LVL22:
  34:Core/Src/LCD16x2.c ****     // Send The EN Clock Signal
  35:Core/Src/LCD16x2.c ****     HAL_GPIO_WritePin(LCD_E_GPIO_Port,  LCD_E_Pin,  GPIO_PIN_SET); // Enable rising edge
 251              		.loc 1 35 5 view .LVU47
 252 0016 0122     		movs	r2, #1
 253 0018 0421     		movs	r1, #4
 254 001a 4FF09040 		mov	r0, #1207959552
 255 001e FFF7FEFF 		bl	HAL_GPIO_WritePin
 256              	.LVL23:
  36:Core/Src/LCD16x2.c ****     DWT_Delay_us(50); // Pulse width time (450 ns min.)
 257              		.loc 1 36 5 view .LVU48
 258 0022 3220     		movs	r0, #50
 259 0024 FFF7FEFF 		bl	DWT_Delay_us
 260              	.LVL24:
  37:Core/Src/LCD16x2.c ****     HAL_GPIO_WritePin(LCD_E_GPIO_Port,  LCD_E_Pin,  GPIO_PIN_RESET); // Enable falling edge
 261              		.loc 1 37 5 view .LVU49
 262 0028 0022     		movs	r2, #0
 263 002a 0421     		movs	r1, #4
 264 002c 4FF09040 		mov	r0, #1207959552
 265 0030 FFF7FEFF 		bl	HAL_GPIO_WritePin
 266              	.LVL25:
  38:Core/Src/LCD16x2.c ****     DWT_Delay_us(50); // Address hold time (20 ns min.) and data hold time (10 ns min.)
 267              		.loc 1 38 5 view .LVU50
 268 0034 3220     		movs	r0, #50
 269 0036 FFF7FEFF 		bl	DWT_Delay_us
 270              	.LVL26:
  39:Core/Src/LCD16x2.c **** }
 271              		.loc 1 39 1 is_stmt 0 view .LVU51
 272 003a 10BD     		pop	{r4, pc}
ARM GAS  C:\Users\Kevin\AppData\Local\Temp\cckoWjUT.s 			page 7


 273              		.cfi_endproc
 274              	.LFE953:
 276              		.section	.text.LCD_Clear,"ax",%progbits
 277              		.align	1
 278              		.global	LCD_Clear
 279              		.syntax unified
 280              		.thumb
 281              		.thumb_func
 283              	LCD_Clear:
 284              	.LFB954:
  40:Core/Src/LCD16x2.c **** void LCD_Clear()
  41:Core/Src/LCD16x2.c **** {
 285              		.loc 1 41 1 is_stmt 1 view -0
 286              		.cfi_startproc
 287              		@ args = 0, pretend = 0, frame = 0
 288              		@ frame_needed = 0, uses_anonymous_args = 0
 289 0000 08B5     		push	{r3, lr}
 290              		.cfi_def_cfa_offset 8
 291              		.cfi_offset 3, -8
 292              		.cfi_offset 14, -4
  42:Core/Src/LCD16x2.c ****     LCD_CMD(0x0);
 293              		.loc 1 42 5 view .LVU53
 294 0002 0020     		movs	r0, #0
 295 0004 FFF7FEFF 		bl	LCD_CMD
 296              	.LVL27:
  43:Core/Src/LCD16x2.c ****     LCD_CMD(0x1);
 297              		.loc 1 43 5 view .LVU54
 298 0008 0120     		movs	r0, #1
 299 000a FFF7FEFF 		bl	LCD_CMD
 300              	.LVL28:
  44:Core/Src/LCD16x2.c ****     DWT_Delay_us(10);
 301              		.loc 1 44 5 view .LVU55
 302 000e 0A20     		movs	r0, #10
 303 0010 FFF7FEFF 		bl	DWT_Delay_us
 304              	.LVL29:
  45:Core/Src/LCD16x2.c **** }
 305              		.loc 1 45 1 is_stmt 0 view .LVU56
 306 0014 08BD     		pop	{r3, pc}
 307              		.cfi_endproc
 308              	.LFE954:
 310              		.section	.text.LCD_Set_Cursor,"ax",%progbits
 311              		.align	1
 312              		.global	LCD_Set_Cursor
 313              		.syntax unified
 314              		.thumb
 315              		.thumb_func
 317              	LCD_Set_Cursor:
 318              	.LVL30:
 319              	.LFB955:
  46:Core/Src/LCD16x2.c **** void LCD_Set_Cursor(unsigned char r, unsigned char c)
  47:Core/Src/LCD16x2.c **** {
 320              		.loc 1 47 1 is_stmt 1 view -0
 321              		.cfi_startproc
 322              		@ args = 0, pretend = 0, frame = 0
 323              		@ frame_needed = 0, uses_anonymous_args = 0
 324              		.loc 1 47 1 is_stmt 0 view .LVU58
 325 0000 70B5     		push	{r4, r5, r6, lr}
ARM GAS  C:\Users\Kevin\AppData\Local\Temp\cckoWjUT.s 			page 8


 326              		.cfi_def_cfa_offset 16
 327              		.cfi_offset 4, -16
 328              		.cfi_offset 5, -12
 329              		.cfi_offset 6, -8
 330              		.cfi_offset 14, -4
 331 0002 0446     		mov	r4, r0
 332 0004 0D46     		mov	r5, r1
  48:Core/Src/LCD16x2.c ****     unsigned char Temp,Low4,High4;
 333              		.loc 1 48 5 is_stmt 1 view .LVU59
  49:Core/Src/LCD16x2.c ****     if(r == 1)
 334              		.loc 1 49 5 view .LVU60
 335              		.loc 1 49 7 is_stmt 0 view .LVU61
 336 0006 0128     		cmp	r0, #1
 337 0008 05D0     		beq	.L23
 338              	.LVL31:
 339              	.L20:
  50:Core/Src/LCD16x2.c ****     {
  51:Core/Src/LCD16x2.c ****       Temp  = 0x80 + c - 1; //0x80 is used to move the cursor
  52:Core/Src/LCD16x2.c ****       High4 = Temp >> 4;
  53:Core/Src/LCD16x2.c ****       Low4  = Temp & 0x0F;
  54:Core/Src/LCD16x2.c ****       LCD_CMD(High4);
  55:Core/Src/LCD16x2.c ****       LCD_CMD(Low4);
  56:Core/Src/LCD16x2.c ****     }
  57:Core/Src/LCD16x2.c ****     if(r == 2)
 340              		.loc 1 57 5 is_stmt 1 view .LVU62
 341              		.loc 1 57 7 is_stmt 0 view .LVU63
 342 000a 022C     		cmp	r4, #2
 343 000c 0FD0     		beq	.L24
 344              	.L21:
  58:Core/Src/LCD16x2.c ****     {
  59:Core/Src/LCD16x2.c ****       Temp  = 0xC0 + c - 1;
  60:Core/Src/LCD16x2.c ****       High4 = Temp >> 4;
  61:Core/Src/LCD16x2.c ****       Low4  = Temp & 0x0F;
  62:Core/Src/LCD16x2.c ****       LCD_CMD(High4);
  63:Core/Src/LCD16x2.c ****       LCD_CMD(Low4);
  64:Core/Src/LCD16x2.c ****     }
  65:Core/Src/LCD16x2.c ****     DWT_Delay_ms(2);
 345              		.loc 1 65 5 is_stmt 1 view .LVU64
 346 000e 0220     		movs	r0, #2
 347 0010 FFF7FEFF 		bl	DWT_Delay_ms
 348              	.LVL32:
  66:Core/Src/LCD16x2.c **** }
 349              		.loc 1 66 1 is_stmt 0 view .LVU65
 350 0014 70BD     		pop	{r4, r5, r6, pc}
 351              	.LVL33:
 352              	.L23:
  51:Core/Src/LCD16x2.c ****       High4 = Temp >> 4;
 353              		.loc 1 51 7 is_stmt 1 view .LVU66
  51:Core/Src/LCD16x2.c ****       High4 = Temp >> 4;
 354              		.loc 1 51 13 is_stmt 0 view .LVU67
 355 0016 01F17F00 		add	r0, r1, #127
 356              	.LVL34:
  52:Core/Src/LCD16x2.c ****       Low4  = Temp & 0x0F;
 357              		.loc 1 52 7 is_stmt 1 view .LVU68
  53:Core/Src/LCD16x2.c ****       LCD_CMD(High4);
 358              		.loc 1 53 7 view .LVU69
  53:Core/Src/LCD16x2.c ****       LCD_CMD(High4);
ARM GAS  C:\Users\Kevin\AppData\Local\Temp\cckoWjUT.s 			page 9


 359              		.loc 1 53 13 is_stmt 0 view .LVU70
 360 001a 00F00F06 		and	r6, r0, #15
 361              	.LVL35:
  54:Core/Src/LCD16x2.c ****       LCD_CMD(Low4);
 362              		.loc 1 54 7 is_stmt 1 view .LVU71
 363 001e C0F30310 		ubfx	r0, r0, #4, #4
 364              	.LVL36:
  54:Core/Src/LCD16x2.c ****       LCD_CMD(Low4);
 365              		.loc 1 54 7 is_stmt 0 view .LVU72
 366 0022 FFF7FEFF 		bl	LCD_CMD
 367              	.LVL37:
  55:Core/Src/LCD16x2.c ****     }
 368              		.loc 1 55 7 is_stmt 1 view .LVU73
 369 0026 3046     		mov	r0, r6
 370 0028 FFF7FEFF 		bl	LCD_CMD
 371              	.LVL38:
 372 002c EDE7     		b	.L20
 373              	.LVL39:
 374              	.L24:
  59:Core/Src/LCD16x2.c ****       High4 = Temp >> 4;
 375              		.loc 1 59 7 view .LVU74
  59:Core/Src/LCD16x2.c ****       High4 = Temp >> 4;
 376              		.loc 1 59 13 is_stmt 0 view .LVU75
 377 002e A5F14100 		sub	r0, r5, #65
 378              	.LVL40:
  60:Core/Src/LCD16x2.c ****       Low4  = Temp & 0x0F;
 379              		.loc 1 60 7 is_stmt 1 view .LVU76
  61:Core/Src/LCD16x2.c ****       LCD_CMD(High4);
 380              		.loc 1 61 7 view .LVU77
  61:Core/Src/LCD16x2.c ****       LCD_CMD(High4);
 381              		.loc 1 61 13 is_stmt 0 view .LVU78
 382 0032 00F00F04 		and	r4, r0, #15
 383              	.LVL41:
  62:Core/Src/LCD16x2.c ****       LCD_CMD(Low4);
 384              		.loc 1 62 7 is_stmt 1 view .LVU79
 385 0036 C0F30310 		ubfx	r0, r0, #4, #4
 386              	.LVL42:
  62:Core/Src/LCD16x2.c ****       LCD_CMD(Low4);
 387              		.loc 1 62 7 is_stmt 0 view .LVU80
 388 003a FFF7FEFF 		bl	LCD_CMD
 389              	.LVL43:
  63:Core/Src/LCD16x2.c ****     }
 390              		.loc 1 63 7 is_stmt 1 view .LVU81
 391 003e 2046     		mov	r0, r4
 392 0040 FFF7FEFF 		bl	LCD_CMD
 393              	.LVL44:
 394 0044 E3E7     		b	.L21
 395              		.cfi_endproc
 396              	.LFE955:
 398              		.section	.text.LCD_Init,"ax",%progbits
 399              		.align	1
 400              		.global	LCD_Init
 401              		.syntax unified
 402              		.thumb
 403              		.thumb_func
 405              	LCD_Init:
 406              	.LFB956:
ARM GAS  C:\Users\Kevin\AppData\Local\Temp\cckoWjUT.s 			page 10


  67:Core/Src/LCD16x2.c **** void LCD_Init()
  68:Core/Src/LCD16x2.c **** {
 407              		.loc 1 68 1 view -0
 408              		.cfi_startproc
 409              		@ args = 0, pretend = 0, frame = 0
 410              		@ frame_needed = 0, uses_anonymous_args = 0
 411 0000 10B5     		push	{r4, lr}
 412              		.cfi_def_cfa_offset 8
 413              		.cfi_offset 4, -8
 414              		.cfi_offset 14, -4
  69:Core/Src/LCD16x2.c **** 	// Initialize The DWT Delay Function Which Will Be Used Later On
  70:Core/Src/LCD16x2.c ****     DWT_Delay_Init();
 415              		.loc 1 70 5 view .LVU83
 416 0002 FFF7FEFF 		bl	DWT_Delay_Init
 417              	.LVL45:
  71:Core/Src/LCD16x2.c ****     HAL_GPIO_WritePin(LCD_RS_GPIO_Port, LCD_RS_Pin, GPIO_PIN_RESET);
 418              		.loc 1 71 5 view .LVU84
 419 0006 0022     		movs	r2, #0
 420 0008 0821     		movs	r1, #8
 421 000a 4FF09040 		mov	r0, #1207959552
 422 000e FFF7FEFF 		bl	HAL_GPIO_WritePin
 423              	.LVL46:
  72:Core/Src/LCD16x2.c **** 	HAL_GPIO_WritePin(LCD_E_GPIO_Port, LCD_E_Pin, GPIO_PIN_RESET);
 424              		.loc 1 72 2 view .LVU85
 425 0012 0022     		movs	r2, #0
 426 0014 0421     		movs	r1, #4
 427 0016 4FF09040 		mov	r0, #1207959552
 428 001a FFF7FEFF 		bl	HAL_GPIO_WritePin
 429              	.LVL47:
  73:Core/Src/LCD16x2.c ****     HAL_GPIO_WritePin(D7_GPIO_Port, D7_Pin, GPIO_PIN_RESET); // LCD Pin D7
 430              		.loc 1 73 5 view .LVU86
 431 001e 0022     		movs	r2, #0
 432 0020 4FF40041 		mov	r1, #32768
 433 0024 4FF09040 		mov	r0, #1207959552
 434 0028 FFF7FEFF 		bl	HAL_GPIO_WritePin
 435              	.LVL48:
  74:Core/Src/LCD16x2.c ****     HAL_GPIO_WritePin(D6_GPIO_Port, D6_Pin, GPIO_PIN_RESET); // LCD Pin D6
 436              		.loc 1 74 5 view .LVU87
 437 002c 214C     		ldr	r4, .L27
 438 002e 0022     		movs	r2, #0
 439 0030 4FF48061 		mov	r1, #1024
 440 0034 2046     		mov	r0, r4
 441 0036 FFF7FEFF 		bl	HAL_GPIO_WritePin
 442              	.LVL49:
  75:Core/Src/LCD16x2.c ****     HAL_GPIO_WritePin(D5_GPIO_Port, D5_Pin, GPIO_PIN_RESET); // LCD Pin D5
 443              		.loc 1 75 5 view .LVU88
 444 003a 0022     		movs	r2, #0
 445 003c 4FF48061 		mov	r1, #1024
 446 0040 4FF09040 		mov	r0, #1207959552
 447 0044 FFF7FEFF 		bl	HAL_GPIO_WritePin
 448              	.LVL50:
  76:Core/Src/LCD16x2.c ****     HAL_GPIO_WritePin(D4_GPIO_Port, D4_Pin, GPIO_PIN_RESET); // LCD Pin D4
 449              		.loc 1 76 5 view .LVU89
 450 0048 0022     		movs	r2, #0
 451 004a 4021     		movs	r1, #64
 452 004c 2046     		mov	r0, r4
 453 004e FFF7FEFF 		bl	HAL_GPIO_WritePin
ARM GAS  C:\Users\Kevin\AppData\Local\Temp\cckoWjUT.s 			page 11


 454              	.LVL51:
  77:Core/Src/LCD16x2.c **** 
  78:Core/Src/LCD16x2.c **** 	// The Init. Procedure As Described In The Datasheet
  79:Core/Src/LCD16x2.c ****     LCD_DATA(0x00);
 455              		.loc 1 79 5 view .LVU90
 456 0052 0020     		movs	r0, #0
 457 0054 FFF7FEFF 		bl	LCD_DATA
 458              	.LVL52:
  80:Core/Src/LCD16x2.c ****     DWT_Delay_ms(150);
 459              		.loc 1 80 5 view .LVU91
 460 0058 9620     		movs	r0, #150
 461 005a FFF7FEFF 		bl	DWT_Delay_ms
 462              	.LVL53:
  81:Core/Src/LCD16x2.c ****     LCD_CMD(0x03);
 463              		.loc 1 81 5 view .LVU92
 464 005e 0320     		movs	r0, #3
 465 0060 FFF7FEFF 		bl	LCD_CMD
 466              	.LVL54:
  82:Core/Src/LCD16x2.c ****     DWT_Delay_ms(5);
 467              		.loc 1 82 5 view .LVU93
 468 0064 0520     		movs	r0, #5
 469 0066 FFF7FEFF 		bl	DWT_Delay_ms
 470              	.LVL55:
  83:Core/Src/LCD16x2.c ****     LCD_CMD(0x03);
 471              		.loc 1 83 5 view .LVU94
 472 006a 0320     		movs	r0, #3
 473 006c FFF7FEFF 		bl	LCD_CMD
 474              	.LVL56:
  84:Core/Src/LCD16x2.c ****     DWT_Delay_us(150); 
 475              		.loc 1 84 5 view .LVU95
 476 0070 9620     		movs	r0, #150
 477 0072 FFF7FEFF 		bl	DWT_Delay_us
 478              	.LVL57:
  85:Core/Src/LCD16x2.c ****     LCD_CMD(0x03); // Function set
 479              		.loc 1 85 5 view .LVU96
 480 0076 0320     		movs	r0, #3
 481 0078 FFF7FEFF 		bl	LCD_CMD
 482              	.LVL58:
  86:Core/Src/LCD16x2.c ****     
  87:Core/Src/LCD16x2.c ****     // Begin waiting time between instr. is longer than instr. exec time
  88:Core/Src/LCD16x2.c ****     LCD_CMD(0x02); 
 483              		.loc 1 88 5 view .LVU97
 484 007c 0220     		movs	r0, #2
 485 007e FFF7FEFF 		bl	LCD_CMD
 486              	.LVL59:
  89:Core/Src/LCD16x2.c ****     
  90:Core/Src/LCD16x2.c ****     // Function set 8-bit mode 
  91:Core/Src/LCD16x2.c ****     LCD_CMD(0x02); 
 487              		.loc 1 91 5 view .LVU98
 488 0082 0220     		movs	r0, #2
 489 0084 FFF7FEFF 		bl	LCD_CMD
 490              	.LVL60:
  92:Core/Src/LCD16x2.c ****     LCD_CMD(0x08); 
 491              		.loc 1 92 5 view .LVU99
 492 0088 0820     		movs	r0, #8
 493 008a FFF7FEFF 		bl	LCD_CMD
 494              	.LVL61:
ARM GAS  C:\Users\Kevin\AppData\Local\Temp\cckoWjUT.s 			page 12


  93:Core/Src/LCD16x2.c **** 
  94:Core/Src/LCD16x2.c ****     // Not sure how below fits into the initialization procedure in datasheet
  95:Core/Src/LCD16x2.c ****     // but it works
  96:Core/Src/LCD16x2.c **** 
  97:Core/Src/LCD16x2.c ****     // Display on/off control: specify two display lines, blinking cursor
  98:Core/Src/LCD16x2.c ****     LCD_CMD(0x00); 
 495              		.loc 1 98 5 view .LVU100
 496 008e 0020     		movs	r0, #0
 497 0090 FFF7FEFF 		bl	LCD_CMD
 498              	.LVL62:
  99:Core/Src/LCD16x2.c ****     LCD_CMD(0x0F); 
 499              		.loc 1 99 5 view .LVU101
 500 0094 0F20     		movs	r0, #15
 501 0096 FFF7FEFF 		bl	LCD_CMD
 502              	.LVL63:
 100:Core/Src/LCD16x2.c ****     
 101:Core/Src/LCD16x2.c ****     // Entry mode set: increment, display shift
 102:Core/Src/LCD16x2.c ****     LCD_CMD(0x00);
 503              		.loc 1 102 5 view .LVU102
 504 009a 0020     		movs	r0, #0
 505 009c FFF7FEFF 		bl	LCD_CMD
 506              	.LVL64:
 103:Core/Src/LCD16x2.c ****     LCD_CMD(0x06); 
 507              		.loc 1 103 5 view .LVU103
 508 00a0 0620     		movs	r0, #6
 509 00a2 FFF7FEFF 		bl	LCD_CMD
 510              	.LVL65:
 104:Core/Src/LCD16x2.c ****     
 105:Core/Src/LCD16x2.c ****     LCD_CMD(0x00); 
 511              		.loc 1 105 5 view .LVU104
 512 00a6 0020     		movs	r0, #0
 513 00a8 FFF7FEFF 		bl	LCD_CMD
 514              	.LVL66:
 106:Core/Src/LCD16x2.c ****     LCD_CMD(0x01); // Clear Display
 515              		.loc 1 106 5 view .LVU105
 516 00ac 0120     		movs	r0, #1
 517 00ae FFF7FEFF 		bl	LCD_CMD
 518              	.LVL67:
 107:Core/Src/LCD16x2.c **** }
 519              		.loc 1 107 1 is_stmt 0 view .LVU106
 520 00b2 10BD     		pop	{r4, pc}
 521              	.L28:
 522              		.align	2
 523              	.L27:
 524 00b4 00080048 		.word	1207961600
 525              		.cfi_endproc
 526              	.LFE956:
 528              		.section	.text.LCD_Write_Char,"ax",%progbits
 529              		.align	1
 530              		.global	LCD_Write_Char
 531              		.syntax unified
 532              		.thumb
 533              		.thumb_func
 535              	LCD_Write_Char:
 536              	.LVL68:
 537              	.LFB957:
 108:Core/Src/LCD16x2.c **** void LCD_Write_Char(char data)
ARM GAS  C:\Users\Kevin\AppData\Local\Temp\cckoWjUT.s 			page 13


 109:Core/Src/LCD16x2.c **** {
 538              		.loc 1 109 1 is_stmt 1 view -0
 539              		.cfi_startproc
 540              		@ args = 0, pretend = 0, frame = 0
 541              		@ frame_needed = 0, uses_anonymous_args = 0
 542              		.loc 1 109 1 is_stmt 0 view .LVU108
 543 0000 38B5     		push	{r3, r4, r5, lr}
 544              		.cfi_def_cfa_offset 16
 545              		.cfi_offset 3, -16
 546              		.cfi_offset 4, -12
 547              		.cfi_offset 5, -8
 548              		.cfi_offset 14, -4
 549 0002 0446     		mov	r4, r0
 110:Core/Src/LCD16x2.c ****    char low4,high4;
 550              		.loc 1 110 4 is_stmt 1 view .LVU109
 111:Core/Src/LCD16x2.c ****    low4  = data & 0x0F;
 551              		.loc 1 111 4 view .LVU110
 552              		.loc 1 111 10 is_stmt 0 view .LVU111
 553 0004 00F00F05 		and	r5, r0, #15
 554              	.LVL69:
 112:Core/Src/LCD16x2.c ****    high4 = data & 0xF0;
 555              		.loc 1 112 4 is_stmt 1 view .LVU112
 113:Core/Src/LCD16x2.c **** 
 114:Core/Src/LCD16x2.c ****    HAL_GPIO_WritePin(LCD_RS_GPIO_Port,LCD_RS_Pin, GPIO_PIN_SET);
 556              		.loc 1 114 4 view .LVU113
 557 0008 0122     		movs	r2, #1
 558 000a 0821     		movs	r1, #8
 559 000c 4FF09040 		mov	r0, #1207959552
 560              	.LVL70:
 561              		.loc 1 114 4 is_stmt 0 view .LVU114
 562 0010 FFF7FEFF 		bl	HAL_GPIO_WritePin
 563              	.LVL71:
 115:Core/Src/LCD16x2.c **** 
 116:Core/Src/LCD16x2.c ****    LCD_DATA(high4>>4);
 564              		.loc 1 116 4 is_stmt 1 view .LVU115
 565 0014 2009     		lsrs	r0, r4, #4
 566 0016 FFF7FEFF 		bl	LCD_DATA
 567              	.LVL72:
 117:Core/Src/LCD16x2.c ****    HAL_GPIO_WritePin(LCD_E_GPIO_Port, LCD_E_Pin, GPIO_PIN_SET);
 568              		.loc 1 117 4 view .LVU116
 569 001a 0122     		movs	r2, #1
 570 001c 0421     		movs	r1, #4
 571 001e 4FF09040 		mov	r0, #1207959552
 572 0022 FFF7FEFF 		bl	HAL_GPIO_WritePin
 573              	.LVL73:
 118:Core/Src/LCD16x2.c ****    DWT_Delay_us(50);
 574              		.loc 1 118 4 view .LVU117
 575 0026 3220     		movs	r0, #50
 576 0028 FFF7FEFF 		bl	DWT_Delay_us
 577              	.LVL74:
 119:Core/Src/LCD16x2.c ****    HAL_GPIO_WritePin(LCD_E_GPIO_Port, LCD_E_Pin, GPIO_PIN_RESET);
 578              		.loc 1 119 4 view .LVU118
 579 002c 0022     		movs	r2, #0
 580 002e 0421     		movs	r1, #4
 581 0030 4FF09040 		mov	r0, #1207959552
 582 0034 FFF7FEFF 		bl	HAL_GPIO_WritePin
 583              	.LVL75:
ARM GAS  C:\Users\Kevin\AppData\Local\Temp\cckoWjUT.s 			page 14


 120:Core/Src/LCD16x2.c ****    DWT_Delay_us(50);
 584              		.loc 1 120 4 view .LVU119
 585 0038 3220     		movs	r0, #50
 586 003a FFF7FEFF 		bl	DWT_Delay_us
 587              	.LVL76:
 121:Core/Src/LCD16x2.c **** 
 122:Core/Src/LCD16x2.c ****    LCD_DATA(low4);
 588              		.loc 1 122 4 view .LVU120
 589 003e 2846     		mov	r0, r5
 590 0040 FFF7FEFF 		bl	LCD_DATA
 591              	.LVL77:
 123:Core/Src/LCD16x2.c ****    HAL_GPIO_WritePin(LCD_E_GPIO_Port, LCD_E_Pin, GPIO_PIN_SET);
 592              		.loc 1 123 4 view .LVU121
 593 0044 0122     		movs	r2, #1
 594 0046 0421     		movs	r1, #4
 595 0048 4FF09040 		mov	r0, #1207959552
 596 004c FFF7FEFF 		bl	HAL_GPIO_WritePin
 597              	.LVL78:
 124:Core/Src/LCD16x2.c ****    DWT_Delay_us(50);
 598              		.loc 1 124 4 view .LVU122
 599 0050 3220     		movs	r0, #50
 600 0052 FFF7FEFF 		bl	DWT_Delay_us
 601              	.LVL79:
 125:Core/Src/LCD16x2.c ****    HAL_GPIO_WritePin(LCD_E_GPIO_Port, LCD_E_Pin, GPIO_PIN_RESET);
 602              		.loc 1 125 4 view .LVU123
 603 0056 0022     		movs	r2, #0
 604 0058 0421     		movs	r1, #4
 605 005a 4FF09040 		mov	r0, #1207959552
 606 005e FFF7FEFF 		bl	HAL_GPIO_WritePin
 607              	.LVL80:
 126:Core/Src/LCD16x2.c ****    DWT_Delay_us(50);
 608              		.loc 1 126 4 view .LVU124
 609 0062 3220     		movs	r0, #50
 610 0064 FFF7FEFF 		bl	DWT_Delay_us
 611              	.LVL81:
 127:Core/Src/LCD16x2.c **** }
 612              		.loc 1 127 1 is_stmt 0 view .LVU125
 613 0068 38BD     		pop	{r3, r4, r5, pc}
 614              		.loc 1 127 1 view .LVU126
 615              		.cfi_endproc
 616              	.LFE957:
 618              		.section	.text.LCD_Write_String,"ax",%progbits
 619              		.align	1
 620              		.global	LCD_Write_String
 621              		.syntax unified
 622              		.thumb
 623              		.thumb_func
 625              	LCD_Write_String:
 626              	.LVL82:
 627              	.LFB958:
 128:Core/Src/LCD16x2.c **** void LCD_Write_String(char *str)
 129:Core/Src/LCD16x2.c **** {
 628              		.loc 1 129 1 is_stmt 1 view -0
 629              		.cfi_startproc
 630              		@ args = 0, pretend = 0, frame = 0
 631              		@ frame_needed = 0, uses_anonymous_args = 0
 632              		.loc 1 129 1 is_stmt 0 view .LVU128
ARM GAS  C:\Users\Kevin\AppData\Local\Temp\cckoWjUT.s 			page 15


 633 0000 38B5     		push	{r3, r4, r5, lr}
 634              		.cfi_def_cfa_offset 16
 635              		.cfi_offset 3, -16
 636              		.cfi_offset 4, -12
 637              		.cfi_offset 5, -8
 638              		.cfi_offset 14, -4
 639 0002 0546     		mov	r5, r0
 130:Core/Src/LCD16x2.c ****     int i;
 640              		.loc 1 130 5 is_stmt 1 view .LVU129
 131:Core/Src/LCD16x2.c ****     for(i=0;str[i]!='\0';i++)
 641              		.loc 1 131 5 view .LVU130
 642              	.LVL83:
 643              		.loc 1 131 10 is_stmt 0 view .LVU131
 644 0004 0024     		movs	r4, #0
 645              		.loc 1 131 5 view .LVU132
 646 0006 02E0     		b	.L32
 647              	.LVL84:
 648              	.L33:
 132:Core/Src/LCD16x2.c ****        LCD_Write_Char(str[i]);
 649              		.loc 1 132 8 is_stmt 1 discriminator 3 view .LVU133
 650 0008 FFF7FEFF 		bl	LCD_Write_Char
 651              	.LVL85:
 131:Core/Src/LCD16x2.c ****     for(i=0;str[i]!='\0';i++)
 652              		.loc 1 131 27 discriminator 3 view .LVU134
 653 000c 0134     		adds	r4, r4, #1
 654              	.LVL86:
 655              	.L32:
 131:Core/Src/LCD16x2.c ****     for(i=0;str[i]!='\0';i++)
 656              		.loc 1 131 19 discriminator 1 view .LVU135
 131:Core/Src/LCD16x2.c ****     for(i=0;str[i]!='\0';i++)
 657              		.loc 1 131 16 is_stmt 0 discriminator 1 view .LVU136
 658 000e 285D     		ldrb	r0, [r5, r4]	@ zero_extendqisi2
 131:Core/Src/LCD16x2.c ****     for(i=0;str[i]!='\0';i++)
 659              		.loc 1 131 19 discriminator 1 view .LVU137
 660 0010 0028     		cmp	r0, #0
 661 0012 F9D1     		bne	.L33
 133:Core/Src/LCD16x2.c **** }
 662              		.loc 1 133 1 view .LVU138
 663 0014 38BD     		pop	{r3, r4, r5, pc}
 664              		.loc 1 133 1 view .LVU139
 665              		.cfi_endproc
 666              	.LFE958:
 668              		.section	.text.LCD_SL,"ax",%progbits
 669              		.align	1
 670              		.global	LCD_SL
 671              		.syntax unified
 672              		.thumb
 673              		.thumb_func
 675              	LCD_SL:
 676              	.LFB959:
 134:Core/Src/LCD16x2.c **** void LCD_SL()
 135:Core/Src/LCD16x2.c **** {
 677              		.loc 1 135 1 is_stmt 1 view -0
 678              		.cfi_startproc
 679              		@ args = 0, pretend = 0, frame = 0
 680              		@ frame_needed = 0, uses_anonymous_args = 0
 681 0000 08B5     		push	{r3, lr}
ARM GAS  C:\Users\Kevin\AppData\Local\Temp\cckoWjUT.s 			page 16


 682              		.cfi_def_cfa_offset 8
 683              		.cfi_offset 3, -8
 684              		.cfi_offset 14, -4
 136:Core/Src/LCD16x2.c ****     LCD_CMD(0x01);
 685              		.loc 1 136 5 view .LVU141
 686 0002 0120     		movs	r0, #1
 687 0004 FFF7FEFF 		bl	LCD_CMD
 688              	.LVL87:
 137:Core/Src/LCD16x2.c ****     LCD_CMD(0x08);
 689              		.loc 1 137 5 view .LVU142
 690 0008 0820     		movs	r0, #8
 691 000a FFF7FEFF 		bl	LCD_CMD
 692              	.LVL88:
 138:Core/Src/LCD16x2.c ****     DWT_Delay_us(50);
 693              		.loc 1 138 5 view .LVU143
 694 000e 3220     		movs	r0, #50
 695 0010 FFF7FEFF 		bl	DWT_Delay_us
 696              	.LVL89:
 139:Core/Src/LCD16x2.c **** }
 697              		.loc 1 139 1 is_stmt 0 view .LVU144
 698 0014 08BD     		pop	{r3, pc}
 699              		.cfi_endproc
 700              	.LFE959:
 702              		.section	.text.LCD_SR,"ax",%progbits
 703              		.align	1
 704              		.global	LCD_SR
 705              		.syntax unified
 706              		.thumb
 707              		.thumb_func
 709              	LCD_SR:
 710              	.LFB960:
 140:Core/Src/LCD16x2.c **** void LCD_SR()
 141:Core/Src/LCD16x2.c **** {
 711              		.loc 1 141 1 is_stmt 1 view -0
 712              		.cfi_startproc
 713              		@ args = 0, pretend = 0, frame = 0
 714              		@ frame_needed = 0, uses_anonymous_args = 0
 715 0000 08B5     		push	{r3, lr}
 716              		.cfi_def_cfa_offset 8
 717              		.cfi_offset 3, -8
 718              		.cfi_offset 14, -4
 142:Core/Src/LCD16x2.c ****     LCD_CMD(0x01);
 719              		.loc 1 142 5 view .LVU146
 720 0002 0120     		movs	r0, #1
 721 0004 FFF7FEFF 		bl	LCD_CMD
 722              	.LVL90:
 143:Core/Src/LCD16x2.c ****     LCD_CMD(0x0C);
 723              		.loc 1 143 5 view .LVU147
 724 0008 0C20     		movs	r0, #12
 725 000a FFF7FEFF 		bl	LCD_CMD
 726              	.LVL91:
 144:Core/Src/LCD16x2.c ****     DWT_Delay_us(50);
 727              		.loc 1 144 5 view .LVU148
 728 000e 3220     		movs	r0, #50
 729 0010 FFF7FEFF 		bl	DWT_Delay_us
 730              	.LVL92:
 145:Core/Src/LCD16x2.c **** }
ARM GAS  C:\Users\Kevin\AppData\Local\Temp\cckoWjUT.s 			page 17


 731              		.loc 1 145 1 is_stmt 0 view .LVU149
 732 0014 08BD     		pop	{r3, pc}
 733              		.cfi_endproc
 734              	.LFE960:
 736              		.section	.text.LCD_Home,"ax",%progbits
 737              		.align	1
 738              		.global	LCD_Home
 739              		.syntax unified
 740              		.thumb
 741              		.thumb_func
 743              	LCD_Home:
 744              	.LFB961:
 146:Core/Src/LCD16x2.c **** void LCD_Home()
 147:Core/Src/LCD16x2.c **** {
 745              		.loc 1 147 1 is_stmt 1 view -0
 746              		.cfi_startproc
 747              		@ args = 0, pretend = 0, frame = 0
 748              		@ frame_needed = 0, uses_anonymous_args = 0
 749 0000 08B5     		push	{r3, lr}
 750              		.cfi_def_cfa_offset 8
 751              		.cfi_offset 3, -8
 752              		.cfi_offset 14, -4
 148:Core/Src/LCD16x2.c ****     LCD_CMD(0x00);
 753              		.loc 1 148 5 view .LVU151
 754 0002 0020     		movs	r0, #0
 755 0004 FFF7FEFF 		bl	LCD_CMD
 756              	.LVL93:
 149:Core/Src/LCD16x2.c ****     LCD_CMD(0x02);
 757              		.loc 1 149 5 view .LVU152
 758 0008 0220     		movs	r0, #2
 759 000a FFF7FEFF 		bl	LCD_CMD
 760              	.LVL94:
 150:Core/Src/LCD16x2.c ****     DWT_Delay_ms(2);
 761              		.loc 1 150 5 view .LVU153
 762 000e 0220     		movs	r0, #2
 763 0010 FFF7FEFF 		bl	DWT_Delay_ms
 764              	.LVL95:
 151:Core/Src/LCD16x2.c **** }
 765              		.loc 1 151 1 is_stmt 0 view .LVU154
 766 0014 08BD     		pop	{r3, pc}
 767              		.cfi_endproc
 768              	.LFE961:
 770              		.section	.text.LCD_Set_Auto_Shift,"ax",%progbits
 771              		.align	1
 772              		.global	LCD_Set_Auto_Shift
 773              		.syntax unified
 774              		.thumb
 775              		.thumb_func
 777              	LCD_Set_Auto_Shift:
 778              	.LVL96:
 779              	.LFB962:
 152:Core/Src/LCD16x2.c **** 
 153:Core/Src/LCD16x2.c **** void LCD_Set_Auto_Shift(int set_on)
 154:Core/Src/LCD16x2.c **** {
 780              		.loc 1 154 1 is_stmt 1 view -0
 781              		.cfi_startproc
 782              		@ args = 0, pretend = 0, frame = 0
ARM GAS  C:\Users\Kevin\AppData\Local\Temp\cckoWjUT.s 			page 18


 783              		@ frame_needed = 0, uses_anonymous_args = 0
 784              		.loc 1 154 1 is_stmt 0 view .LVU156
 785 0000 08B5     		push	{r3, lr}
 786              		.cfi_def_cfa_offset 8
 787              		.cfi_offset 3, -8
 788              		.cfi_offset 14, -4
 155:Core/Src/LCD16x2.c ****     if (set_on == 1) {
 789              		.loc 1 155 5 is_stmt 1 view .LVU157
 790              		.loc 1 155 8 is_stmt 0 view .LVU158
 791 0002 0128     		cmp	r0, #1
 792 0004 09D0     		beq	.L45
 156:Core/Src/LCD16x2.c ****         LCD_CMD(0x00);
 157:Core/Src/LCD16x2.c ****         LCD_CMD(0x07);
 158:Core/Src/LCD16x2.c ****         DWT_Delay_us(50);
 159:Core/Src/LCD16x2.c ****     }
 160:Core/Src/LCD16x2.c ****     else {
 161:Core/Src/LCD16x2.c ****         LCD_CMD(0x00);
 793              		.loc 1 161 9 is_stmt 1 view .LVU159
 794 0006 0020     		movs	r0, #0
 795              	.LVL97:
 796              		.loc 1 161 9 is_stmt 0 view .LVU160
 797 0008 FFF7FEFF 		bl	LCD_CMD
 798              	.LVL98:
 162:Core/Src/LCD16x2.c ****         LCD_CMD(0x06);
 799              		.loc 1 162 9 is_stmt 1 view .LVU161
 800 000c 0620     		movs	r0, #6
 801 000e FFF7FEFF 		bl	LCD_CMD
 802              	.LVL99:
 163:Core/Src/LCD16x2.c ****         DWT_Delay_us(50);
 803              		.loc 1 163 9 view .LVU162
 804 0012 3220     		movs	r0, #50
 805 0014 FFF7FEFF 		bl	DWT_Delay_us
 806              	.LVL100:
 807              	.L41:
 164:Core/Src/LCD16x2.c ****     } 
 165:Core/Src/LCD16x2.c **** }...
 808              		.loc 1 165 1 is_stmt 0 view .LVU163
 809 0018 08BD     		pop	{r3, pc}
 810              	.LVL101:
 811              	.L45:
 156:Core/Src/LCD16x2.c ****         LCD_CMD(0x00);
 812              		.loc 1 156 9 is_stmt 1 view .LVU164
 813 001a 0020     		movs	r0, #0
 814              	.LVL102:
 156:Core/Src/LCD16x2.c ****         LCD_CMD(0x00);
 815              		.loc 1 156 9 is_stmt 0 view .LVU165
 816 001c FFF7FEFF 		bl	LCD_CMD
 817              	.LVL103:
 157:Core/Src/LCD16x2.c ****         LCD_CMD(0x07);
 818              		.loc 1 157 9 is_stmt 1 view .LVU166
 819 0020 0720     		movs	r0, #7
 820 0022 FFF7FEFF 		bl	LCD_CMD
 821              	.LVL104:
 158:Core/Src/LCD16x2.c ****         DWT_Delay_us(50);
 822              		.loc 1 158 9 view .LVU167
 823 0026 3220     		movs	r0, #50
 824 0028 FFF7FEFF 		bl	DWT_Delay_us
ARM GAS  C:\Users\Kevin\AppData\Local\Temp\cckoWjUT.s 			page 19


 825              	.LVL105:
 826 002c F4E7     		b	.L41
 827              		.cfi_endproc
 828              	.LFE962:
 830              		.text
 831              	.Letext0:
 832              		.file 3 "c:\\users\\kevin\\appdata\\roaming\\code\\user\\globalstorage\\bmd.stm32-for-vscode\\@xpa
 833              		.file 4 "c:\\users\\kevin\\appdata\\roaming\\code\\user\\globalstorage\\bmd.stm32-for-vscode\\@xpa
 834              		.file 5 "Drivers/CMSIS/Include/core_cm4.h"
 835              		.file 6 "Drivers/CMSIS/Device/ST/STM32WBxx/Include/stm32wb55xx.h"
 836              		.file 7 "Drivers/STM32WBxx_HAL_Driver/Inc/stm32wbxx_hal_gpio.h"
 837              		.file 8 "Drivers/STM32WBxx_HAL_Driver/Inc/stm32wbxx_hal_rcc.h"
ARM GAS  C:\Users\Kevin\AppData\Local\Temp\cckoWjUT.s 			page 20


DEFINED SYMBOLS
                            *ABS*:0000000000000000 LCD16x2.c
C:\Users\Kevin\AppData\Local\Temp\cckoWjUT.s:21     .text.DWT_Delay_us:0000000000000000 $t
C:\Users\Kevin\AppData\Local\Temp\cckoWjUT.s:26     .text.DWT_Delay_us:0000000000000000 DWT_Delay_us
C:\Users\Kevin\AppData\Local\Temp\cckoWjUT.s:86     .text.DWT_Delay_us:0000000000000030 $d
C:\Users\Kevin\AppData\Local\Temp\cckoWjUT.s:92     .text.DWT_Delay_ms:0000000000000000 $t
C:\Users\Kevin\AppData\Local\Temp\cckoWjUT.s:97     .text.DWT_Delay_ms:0000000000000000 DWT_Delay_ms
C:\Users\Kevin\AppData\Local\Temp\cckoWjUT.s:156    .text.DWT_Delay_ms:0000000000000030 $d
C:\Users\Kevin\AppData\Local\Temp\cckoWjUT.s:162    .text.LCD_DATA:0000000000000000 $t
C:\Users\Kevin\AppData\Local\Temp\cckoWjUT.s:168    .text.LCD_DATA:0000000000000000 LCD_DATA
C:\Users\Kevin\AppData\Local\Temp\cckoWjUT.s:215    .text.LCD_DATA:0000000000000044 $d
C:\Users\Kevin\AppData\Local\Temp\cckoWjUT.s:220    .text.LCD_CMD:0000000000000000 $t
C:\Users\Kevin\AppData\Local\Temp\cckoWjUT.s:226    .text.LCD_CMD:0000000000000000 LCD_CMD
C:\Users\Kevin\AppData\Local\Temp\cckoWjUT.s:277    .text.LCD_Clear:0000000000000000 $t
C:\Users\Kevin\AppData\Local\Temp\cckoWjUT.s:283    .text.LCD_Clear:0000000000000000 LCD_Clear
C:\Users\Kevin\AppData\Local\Temp\cckoWjUT.s:311    .text.LCD_Set_Cursor:0000000000000000 $t
C:\Users\Kevin\AppData\Local\Temp\cckoWjUT.s:317    .text.LCD_Set_Cursor:0000000000000000 LCD_Set_Cursor
C:\Users\Kevin\AppData\Local\Temp\cckoWjUT.s:399    .text.LCD_Init:0000000000000000 $t
C:\Users\Kevin\AppData\Local\Temp\cckoWjUT.s:405    .text.LCD_Init:0000000000000000 LCD_Init
C:\Users\Kevin\AppData\Local\Temp\cckoWjUT.s:524    .text.LCD_Init:00000000000000b4 $d
C:\Users\Kevin\AppData\Local\Temp\cckoWjUT.s:529    .text.LCD_Write_Char:0000000000000000 $t
C:\Users\Kevin\AppData\Local\Temp\cckoWjUT.s:535    .text.LCD_Write_Char:0000000000000000 LCD_Write_Char
C:\Users\Kevin\AppData\Local\Temp\cckoWjUT.s:619    .text.LCD_Write_String:0000000000000000 $t
C:\Users\Kevin\AppData\Local\Temp\cckoWjUT.s:625    .text.LCD_Write_String:0000000000000000 LCD_Write_String
C:\Users\Kevin\AppData\Local\Temp\cckoWjUT.s:669    .text.LCD_SL:0000000000000000 $t
C:\Users\Kevin\AppData\Local\Temp\cckoWjUT.s:675    .text.LCD_SL:0000000000000000 LCD_SL
C:\Users\Kevin\AppData\Local\Temp\cckoWjUT.s:703    .text.LCD_SR:0000000000000000 $t
C:\Users\Kevin\AppData\Local\Temp\cckoWjUT.s:709    .text.LCD_SR:0000000000000000 LCD_SR
C:\Users\Kevin\AppData\Local\Temp\cckoWjUT.s:737    .text.LCD_Home:0000000000000000 $t
C:\Users\Kevin\AppData\Local\Temp\cckoWjUT.s:743    .text.LCD_Home:0000000000000000 LCD_Home
C:\Users\Kevin\AppData\Local\Temp\cckoWjUT.s:771    .text.LCD_Set_Auto_Shift:0000000000000000 $t
C:\Users\Kevin\AppData\Local\Temp\cckoWjUT.s:777    .text.LCD_Set_Auto_Shift:0000000000000000 LCD_Set_Auto_Shift

UNDEFINED SYMBOLS
HAL_RCC_GetHCLKFreq
HAL_GPIO_WritePin
DWT_Delay_Init
